<?xml version="1.0" encoding="utf-8"?>
<TestRun id="c1ca1319-4549-4d8c-843c-19bea6131175" name="itsmi@ITSMIA 2025-02-26 15:12:46" runUser="ITSMIA\itsmi" xmlns="http://microsoft.com/schemas/VisualStudio/TeamTest/2010">
  <Times creation="2025-02-26T15:12:46.8335306-05:00" queuing="2025-02-26T15:12:46.8335309-05:00" start="2025-02-26T15:12:31.1061665-05:00" finish="2025-02-26T15:12:46.8439320-05:00" />
  <TestSettings name="default" id="27c45c80-b7a3-4086-86d4-a3a0b34c1594">
    <Deployment runDeploymentRoot="itsmi_ITSMIA_2025-02-26_15_12_46" />
  </TestSettings>
  <Results>
    <UnitTestResult executionId="e549f70a-e518-46d1-8f15-899c23efb6bf" testId="3bc6ebb5-ad4e-aa53-5e6a-78e49575fd2b" testName="ProjectMVCExample.Tests.UnitTest1.TestBookInequality" computerName="ITSMIA" duration="00:00:00.0142981" startTime="2025-02-26T15:12:46.6707455-05:00" endTime="2025-02-26T15:12:46.6707456-05:00" testType="13cdc9d9-ddb5-4fa4-a97d-d965ccfc6d4b" outcome="Passed" testListId="8c84fa94-04c1-424b-9868-57a2d4851a1d" relativeResultsDirectory="e549f70a-e518-46d1-8f15-899c23efb6bf" />
    <UnitTestResult executionId="80ef1db7-aa55-4d1b-9bc9-b4124aa2c34a" testId="90b89867-6e91-a866-d5fe-a622f1bcf232" testName="ProjectMVCExample.Tests.UnitTest1.TestBookCreation" computerName="ITSMIA" duration="00:00:00.0077926" startTime="2025-02-26T15:12:46.6638775-05:00" endTime="2025-02-26T15:12:46.6639185-05:00" testType="13cdc9d9-ddb5-4fa4-a97d-d965ccfc6d4b" outcome="Passed" testListId="8c84fa94-04c1-424b-9868-57a2d4851a1d" relativeResultsDirectory="80ef1db7-aa55-4d1b-9bc9-b4124aa2c34a" />
    <UnitTestResult executionId="51dddf1b-0b3c-4827-843b-ea04c8116e6f" testId="53806788-3cc6-80bb-b9fb-38f4d31dcaaa" testName="ProjectMVCExample.Tests.UnitTest1.TestBookProperties" computerName="ITSMIA" duration="00:00:00.0003307" startTime="2025-02-26T15:12:46.6715315-05:00" endTime="2025-02-26T15:12:46.6715316-05:00" testType="13cdc9d9-ddb5-4fa4-a97d-d965ccfc6d4b" outcome="Passed" testListId="8c84fa94-04c1-424b-9868-57a2d4851a1d" relativeResultsDirectory="51dddf1b-0b3c-4827-843b-ea04c8116e6f" />
    <UnitTestResult executionId="21afe51b-be45-4da1-9b54-e3d6090ffc11" testId="354e56ab-1a21-93ae-b397-396344f1b7fd" testName="ProjectMVCExample.Tests.UnitTest1.TestBookEquality" computerName="ITSMIA" duration="00:00:00.0031629" startTime="2025-02-26T15:12:46.6714688-05:00" endTime="2025-02-26T15:12:46.6714689-05:00" testType="13cdc9d9-ddb5-4fa4-a97d-d965ccfc6d4b" outcome="Passed" testListId="8c84fa94-04c1-424b-9868-57a2d4851a1d" relativeResultsDirectory="21afe51b-be45-4da1-9b54-e3d6090ffc11" />
  </Results>
  <TestDefinitions>
    <UnitTest name="ProjectMVCExample.Tests.UnitTest1.TestBookInequality" storage="d:\seneca winter 2025\pro690\pro690midterm-3\pro690\projectmvcexample.tests\bin\release\net8.0\projectmvcexample.tests.dll" id="3bc6ebb5-ad4e-aa53-5e6a-78e49575fd2b">
      <Execution id="e549f70a-e518-46d1-8f15-899c23efb6bf" />
      <TestMethod codeBase="D:\Seneca Winter 2025\PRO690\PRO690Midterm-3\PRO690\ProjectMVCExample.Tests\bin\Release\net8.0\ProjectMVCExample.Tests.dll" adapterTypeName="executor://xunit/VsTestRunner2/netcoreapp" className="ProjectMVCExample.Tests.UnitTest1" name="TestBookInequality" />
    </UnitTest>
    <UnitTest name="ProjectMVCExample.Tests.UnitTest1.TestBookCreation" storage="d:\seneca winter 2025\pro690\pro690midterm-3\pro690\projectmvcexample.tests\bin\release\net8.0\projectmvcexample.tests.dll" id="90b89867-6e91-a866-d5fe-a622f1bcf232">
      <Execution id="80ef1db7-aa55-4d1b-9bc9-b4124aa2c34a" />
      <TestMethod codeBase="D:\Seneca Winter 2025\PRO690\PRO690Midterm-3\PRO690\ProjectMVCExample.Tests\bin\Release\net8.0\ProjectMVCExample.Tests.dll" adapterTypeName="executor://xunit/VsTestRunner2/netcoreapp" className="ProjectMVCExample.Tests.UnitTest1" name="TestBookCreation" />
    </UnitTest>
    <UnitTest name="ProjectMVCExample.Tests.UnitTest1.TestBookProperties" storage="d:\seneca winter 2025\pro690\pro690midterm-3\pro690\projectmvcexample.tests\bin\release\net8.0\projectmvcexample.tests.dll" id="53806788-3cc6-80bb-b9fb-38f4d31dcaaa">
      <Execution id="51dddf1b-0b3c-4827-843b-ea04c8116e6f" />
      <TestMethod codeBase="D:\Seneca Winter 2025\PRO690\PRO690Midterm-3\PRO690\ProjectMVCExample.Tests\bin\Release\net8.0\ProjectMVCExample.Tests.dll" adapterTypeName="executor://xunit/VsTestRunner2/netcoreapp" className="ProjectMVCExample.Tests.UnitTest1" name="TestBookProperties" />
    </UnitTest>
    <UnitTest name="ProjectMVCExample.Tests.UnitTest1.TestBookEquality" storage="d:\seneca winter 2025\pro690\pro690midterm-3\pro690\projectmvcexample.tests\bin\release\net8.0\projectmvcexample.tests.dll" id="354e56ab-1a21-93ae-b397-396344f1b7fd">
      <Execution id="21afe51b-be45-4da1-9b54-e3d6090ffc11" />
      <TestMethod codeBase="D:\Seneca Winter 2025\PRO690\PRO690Midterm-3\PRO690\ProjectMVCExample.Tests\bin\Release\net8.0\ProjectMVCExample.Tests.dll" adapterTypeName="executor://xunit/VsTestRunner2/netcoreapp" className="ProjectMVCExample.Tests.UnitTest1" name="TestBookEquality" />
    </UnitTest>
  </TestDefinitions>
  <TestEntries>
    <TestEntry testId="3bc6ebb5-ad4e-aa53-5e6a-78e49575fd2b" executionId="e549f70a-e518-46d1-8f15-899c23efb6bf" testListId="8c84fa94-04c1-424b-9868-57a2d4851a1d" />
    <TestEntry testId="90b89867-6e91-a866-d5fe-a622f1bcf232" executionId="80ef1db7-aa55-4d1b-9bc9-b4124aa2c34a" testListId="8c84fa94-04c1-424b-9868-57a2d4851a1d" />
    <TestEntry testId="53806788-3cc6-80bb-b9fb-38f4d31dcaaa" executionId="51dddf1b-0b3c-4827-843b-ea04c8116e6f" testListId="8c84fa94-04c1-424b-9868-57a2d4851a1d" />
    <TestEntry testId="354e56ab-1a21-93ae-b397-396344f1b7fd" executionId="21afe51b-be45-4da1-9b54-e3d6090ffc11" testListId="8c84fa94-04c1-424b-9868-57a2d4851a1d" />
  </TestEntries>
  <TestLists>
    <TestList name="Results Not in a List" id="8c84fa94-04c1-424b-9868-57a2d4851a1d" />
    <TestList name="All Loaded Results" id="19431567-8539-422a-85d7-44ee4e166bda" />
  </TestLists>
  <ResultSummary outcome="Completed">
    <Counters total="4" executed="4" passed="4" failed="0" error="0" timeout="0" aborted="0" inconclusive="0" passedButRunAborted="0" notRunnable="0" notExecuted="0" disconnected="0" warning="0" completed="0" inProgress="0" pending="0" />
    <Output>
      <StdOut>[xUnit.net 00:00:00.00] xUnit.net VSTest Adapter v2.4.3+1b45f5407b (64-bit .NET 8.0.11)&#xD;
[xUnit.net 00:00:12.01]   Discovering: ProjectMVCExample.Tests&#xD;
[xUnit.net 00:00:12.05]   Discovered:  ProjectMVCExample.Tests&#xD;
[xUnit.net 00:00:12.06]   Starting:    ProjectMVCExample.Tests&#xD;
[xUnit.net 00:00:12.18]   Finished:    ProjectMVCExample.Tests&#xD;
</StdOut>
    </Output>
  </ResultSummary>
</TestRun>