<?xml version="1.0" encoding="utf-8"?>
<TestRun id="98f94f74-9af8-4d26-b55f-6cfde5982fdf" name="itsmi@ITSMIA 2025-02-26 15:12:28" runUser="ITSMIA\itsmi" xmlns="http://microsoft.com/schemas/VisualStudio/TeamTest/2010">
  <Times creation="2025-02-26T15:12:28.6277141-05:00" queuing="2025-02-26T15:12:28.6277144-05:00" start="2025-02-26T15:12:25.8789690-05:00" finish="2025-02-26T15:12:28.6283817-05:00" />
  <TestSettings name="default" id="e2345854-3a15-4b38-94dd-6103ad9ea83c">
    <Deployment runDeploymentRoot="itsmi_ITSMIA_2025-02-26_15_12_28" />
  </TestSettings>
  <TestLists>
    <TestList name="Results Not in a List" id="8c84fa94-04c1-424b-9868-57a2d4851a1d" />
    <TestList name="All Loaded Results" id="19431567-8539-422a-85d7-44ee4e166bda" />
  </TestLists>
  <ResultSummary outcome="Completed">
    <Counters total="0" executed="0" passed="0" failed="0" error="0" timeout="0" aborted="0" inconclusive="0" passedButRunAborted="0" notRunnable="0" notExecuted="0" disconnected="0" warning="0" completed="0" inProgress="0" pending="0" />
    <RunInfos>
      <RunInfo computerName="ITSMIA" outcome="Warning" timestamp="2025-02-26T15:12:28.5150412-05:00">
        <Text>No test is available in D:\Seneca Winter 2025\PRO690\PRO690Midterm-3\PRO690\bin\Release\net8.0\ProjectMVCExample.dll. Make sure that test discoverer &amp; executors are registered and platform &amp; framework version settings are appropriate and try again.</Text>
      </RunInfo>
    </RunInfos>
  </ResultSummary>
</TestRun>